# JRE version: OpenJDK Runtime Environment (8.0_212-b04) (build 1.8.0_212-release-1586-b04)
# Java VM: OpenJDK 64-Bit Server VM (25.212-b04 mixed mode windows-amd64 compressed oops)
Heap:
 PSYoungGen      total 69120K, used 16002K [0x00000000e0000000, 0x00000000e5000000, 0x0000000100000000)
  eden space 58368K, 9% used [0x00000000e0000000,0x00000000e0556a20,0x00000000e3900000)
  from space 10752K, 97% used [0x00000000e3900000,0x00000000e434a0a0,0x00000000e4380000)
  to   space 10752K, 0% used [0x00000000e4380000,0x00000000e4380000,0x00000000e4e00000)
 ParOldGen       total 107008K, used 16014K [0x00000000a0000000, 0x00000000a6880000, 0x00000000e0000000)
  object space 107008K, 14% used [0x00000000a0000000,0x00000000a0fa3918,0x00000000a6880000)
 Metaspace       used 44986K, capacity 46174K, committed 46336K, reserved 1089536K
  class space    used 6076K, capacity 6399K, committed 6400K, reserved 1048576K
GC Heap History (10 events):
Event: 8.229 GC heap before
{Heap before GC invocations=11 (full 1):
 PSYoungGen      total 51200K, used 46944K [0x00000000e0000000, 0x00000000e4480000, 0x0000000100000000)
  eden space 40448K, 100% used [0x00000000e0000000,0x00000000e2780000,0x00000000e2780000)
  from space 10752K, 60% used [0x00000000e2780000,0x00000000e2dd8108,0x00000000e3200000)
  to   space 10240K, 0% used [0x00000000e3a80000,0x00000000e3a80000,0x00000000e4480000)
 ParOldGen       total 70144K, used 10136K [0x00000000a0000000, 0x00000000a4480000, 0x00000000e0000000)
  object space 70144K, 14% used [0x00000000a0000000,0x00000000a09e6050,0x00000000a4480000)
 Metaspace       used 32702K, capacity 33304K, committed 33664K, reserved 1079296K
  class space    used 4482K, capacity 4691K, committed 4736K, reserved 1048576K
Event: 8.241 GC heap after
Heap after GC invocations=11 (full 1):
 PSYoungGen      total 59392K, used 7792K [0x00000000e0000000, 0x00000000e4580000, 0x0000000100000000)
  eden space 49152K, 0% used [0x00000000e0000000,0x00000000e0000000,0x00000000e3000000)
  from space 10240K, 76% used [0x00000000e3a80000,0x00000000e421c380,0x00000000e4480000)
  to   space 10752K, 0% used [0x00000000e3000000,0x00000000e3000000,0x00000000e3a80000)
 ParOldGen       total 70144K, used 10144K [0x00000000a0000000, 0x00000000a4480000, 0x00000000e0000000)
  object space 70144K, 14% used [0x00000000a0000000,0x00000000a09e8050,0x00000000a4480000)
 Metaspace       used 32702K, capacity 33304K, committed 33664K, reserved 1079296K
  class space    used 4482K, capacity 4691K, committed 4736K, reserved 1048576K
}
Event: 12.139 GC heap before
{Heap before GC invocations=12 (full 1):
 PSYoungGen      total 59392K, used 47068K [0x00000000e0000000, 0x00000000e4580000, 0x0000000100000000)
  eden space 49152K, 79% used [0x00000000e0000000,0x00000000e265ad78,0x00000000e3000000)
  from space 10240K, 76% used [0x00000000e3a80000,0x00000000e421c380,0x00000000e4480000)
  to   space 10752K, 0% used [0x00000000e3000000,0x00000000e3000000,0x00000000e3a80000)
 ParOldGen       total 70144K, used 10144K [0x00000000a0000000, 0x00000000a4480000, 0x00000000e0000000)
  object space 70144K, 14% used [0x00000000a0000000,0x00000000a09e8050,0x00000000a4480000)
 Metaspace       used 34532K, capacity 35394K, committed 35456K, reserved 1079296K
  class space    used 4737K, capacity 4972K, committed 4992K, reserved 1048576K
Event: 12.145 GC heap after
Heap after GC invocations=12 (full 1):
 PSYoungGen      total 59904K, used 8694K [0x00000000e0000000, 0x00000000e4e00000, 0x0000000100000000)
  eden space 49152K, 0% used [0x00000000e0000000,0x00000000e0000000,0x00000000e3000000)
  from space 10752K, 80% used [0x00000000e3000000,0x00000000e387dae8,0x00000000e3a80000)
  to   space 10752K, 0% used [0x00000000e4380000,0x00000000e4380000,0x00000000e4e00000)
 ParOldGen       total 70144K, used 10152K [0x00000000a0000000, 0x00000000a4480000, 0x00000000e0000000)
  object space 70144K, 14% used [0x00000000a0000000,0x00000000a09ea050,0x00000000a4480000)
 Metaspace       used 34532K, capacity 35394K, committed 35456K, reserved 1079296K
  class space    used 4737K, capacity 4972K, committed 4992K, reserved 1048576K
}
Event: 12.145 GC heap before
{Heap before GC invocations=13 (full 2):
 PSYoungGen      total 59904K, used 8694K [0x00000000e0000000, 0x00000000e4e00000, 0x0000000100000000)
  eden space 49152K, 0% used [0x00000000e0000000,0x00000000e0000000,0x00000000e3000000)
  from space 10752K, 80% used [0x00000000e3000000,0x00000000e387dae8,0x00000000e3a80000)
  to   space 10752K, 0% used [0x00000000e4380000,0x00000000e4380000,0x00000000e4e00000)
 ParOldGen       total 70144K, used 10152K [0x00000000a0000000, 0x00000000a4480000, 0x00000000e0000000)
  object space 70144K, 14% used [0x00000000a0000000,0x00000000a09ea050,0x00000000a4480000)
 Metaspace       used 34532K, capacity 35394K, committed 35456K, reserved 1079296K
  class space    used 4737K, capacity 4972K, committed 4992K, reserved 1048576K
Event: 12.178 GC heap after
Heap after GC invocations=13 (full 2):
 PSYoungGen      total 59904K, used 0K [0x00000000e0000000, 0x00000000e4e00000, 0x0000000100000000)
  eden space 49152K, 0% used [0x00000000e0000000,0x00000000e0000000,0x00000000e3000000)
  from space 10752K, 0% used [0x00000000e3000000,0x00000000e3000000,0x00000000e3a80000)
  to   space 10752K, 0% used [0x00000000e4380000,0x00000000e4380000,0x00000000e4e00000)
 ParOldGen       total 107008K, used 15998K [0x00000000a0000000, 0x00000000a6880000, 0x00000000e0000000)
  object space 107008K, 14% used [0x00000000a0000000,0x00000000a0f9f918,0x00000000a6880000)
 Metaspace       used 34498K, capacity 35280K, committed 35456K, reserved 1079296K
  class space    used 4726K, capacity 4953K, committed 4992K, reserved 1048576K
}
Event: 16.829 GC heap before
{Heap before GC invocations=14 (full 2):
 PSYoungGen      total 59904K, used 49152K [0x00000000e0000000, 0x00000000e4e00000, 0x0000000100000000)
  eden space 49152K, 100% used [0x00000000e0000000,0x00000000e3000000,0x00000000e3000000)
  from space 10752K, 0% used [0x00000000e3000000,0x00000000e3000000,0x00000000e3a80000)
  to   space 10752K, 0% used [0x00000000e4380000,0x00000000e4380000,0x00000000e4e00000)
 ParOldGen       total 107008K, used 15998K [0x00000000a0000000, 0x00000000a6880000, 0x00000000e0000000)
  object space 107008K, 14% used [0x00000000a0000000,0x00000000a0f9f918,0x00000000a6880000)
 Metaspace       used 39860K, capacity 40904K, committed 41344K, reserved 1085440K
  class space    used 5400K, capacity 5668K, committed 5760K, reserved 1048576K
Event: 16.840 GC heap after
Heap after GC invocations=14 (full 2):
 PSYoungGen      total 69120K, used 6979K [0x00000000e0000000, 0x00000000e5000000, 0x0000000100000000)
  eden space 58368K, 0% used [0x00000000e0000000,0x00000000e0000000,0x00000000e3900000)
  from space 10752K, 64% used [0x00000000e4380000,0x00000000e4a50d70,0x00000000e4e00000)
  to   space 10752K, 0% used [0x00000000e3900000,0x00000000e3900000,0x00000000e4380000)
 ParOldGen       total 107008K, used 16006K [0x00000000a0000000, 0x00000000a6880000, 0x00000000e0000000)
  object space 107008K, 14% used [0x00000000a0000000,0x00000000a0fa1918,0x00000000a6880000)
 Metaspace       used 39860K, capacity 40904K, committed 41344K, reserved 1085440K
  class space    used 5400K, capacity 5668K, committed 5760K, reserved 1048576K
}
Event: 20.166 GC heap before
{Heap before GC invocations=15 (full 2):
 PSYoungGen      total 69120K, used 65347K [0x00000000e0000000, 0x00000000e5000000, 0x0000000100000000)
  eden space 58368K, 100% used [0x00000000e0000000,0x00000000e3900000,0x00000000e3900000)
  from space 10752K, 64% used [0x00000000e4380000,0x00000000e4a50d70,0x00000000e4e00000)
  to   space 10752K, 0% used [0x00000000e3900000,0x00000000e3900000,0x00000000e4380000)
 ParOldGen       total 107008K, used 16006K [0x00000000a0000000, 0x00000000a6880000, 0x00000000e0000000)
  object space 107008K, 14% used [0x00000000a0000000,0x00000000a0fa1918,0x00000000a6880000)
 Metaspace       used 44693K, capacity 45752K, committed 45824K, reserved 1089536K
  class space    used 6044K, capacity 6366K, committed 6400K, reserved 1048576K
Event: 20.172 GC heap after
Heap after GC invocations=15 (full 2):
 PSYoungGen      total 69120K, used 10536K [0x00000000e0000000, 0x00000000e5000000, 0x0000000100000000)
  eden space 58368K, 0% used [0x00000000e0000000,0x00000000e0000000,0x00000000e3900000)
  from space 10752K, 97% used [0x00000000e3900000,0x00000000e434a0a0,0x00000000e4380000)
  to   space 10752K, 0% used [0x00000000e4380000,0x00000000e4380000,0x00000000e4e00000)
 ParOldGen       total 107008K, used 16014K [0x00000000a0000000, 0x00000000a6880000, 0x00000000e0000000)
  object space 107008K, 14% used [0x00000000a0000000,0x00000000a0fa3918,0x00000000a6880000)
 Metaspace       used 44693K, capacity 45752K, committed 45824K, reserved 1089536K
  class space    used 6044K, capacity 6366K, committed 6400K, reserved 1048576K
}

