# JRE version: OpenJDK Runtime Environment (8.0_212-b04) (build 1.8.0_212-release-1586-b04)
# Java VM: OpenJDK 64-Bit Server VM (25.212-b04 mixed mode windows-amd64 compressed oops)
Heap:
 PSYoungGen      total 132608K, used 20610K [0x00000000e0000000, 0x00000000ea100000, 0x0000000100000000)
  eden space 118272K, 5% used [0x00000000e0000000,0x00000000e0623558,0x00000000e7380000)
  from space 14336K, 99% used [0x00000000e7380000,0x00000000e817d390,0x00000000e8180000)
  to   space 16384K, 0% used [0x00000000e9100000,0x00000000e9100000,0x00000000ea100000)
 ParOldGen       total 145408K, used 30325K [0x00000000a0000000, 0x00000000a8e00000, 0x00000000e0000000)
  object space 145408K, 20% used [0x00000000a0000000,0x00000000a1d9d468,0x00000000a8e00000)
 Metaspace       used 63358K, capacity 66354K, committed 66560K, reserved 1105920K
  class space    used 8781K, capacity 9390K, committed 9472K, reserved 1048576K
GC Heap History (10 events):
Event: 25.014 GC heap before
{Heap before GC invocations=16 (full 2):
 PSYoungGen      total 105472K, used 105449K [0x00000000e0000000, 0x00000000e7e80000, 0x0000000100000000)
  eden space 94208K, 100% used [0x00000000e0000000,0x00000000e5c00000,0x00000000e5c00000)
  from space 11264K, 99% used [0x00000000e5c00000,0x00000000e66fa7c0,0x00000000e6700000)
  to   space 13824K, 0% used [0x00000000e7100000,0x00000000e7100000,0x00000000e7e80000)
 ParOldGen       total 95232K, used 17725K [0x00000000a0000000, 0x00000000a5d00000, 0x00000000e0000000)
  object space 95232K, 18% used [0x00000000a0000000,0x00000000a114f4b8,0x00000000a5d00000)
 Metaspace       used 56274K, capacity 58100K, committed 58496K, reserved 1099776K
  class space    used 7762K, capacity 8195K, committed 8320K, reserved 1048576K
Event: 25.061 GC heap after
Heap after GC invocations=16 (full 2):
 PSYoungGen      total 114688K, used 11385K [0x00000000e0000000, 0x00000000e8c80000, 0x0000000100000000)
  eden space 100864K, 0% used [0x00000000e0000000,0x00000000e0000000,0x00000000e6280000)
  from space 13824K, 82% used [0x00000000e7100000,0x00000000e7c1e760,0x00000000e7e80000)
  to   space 14848K, 0% used [0x00000000e6280000,0x00000000e6280000,0x00000000e7100000)
 ParOldGen       total 95232K, used 27884K [0x00000000a0000000, 0x00000000a5d00000, 0x00000000e0000000)
  object space 95232K, 29% used [0x00000000a0000000,0x00000000a1b3b050,0x00000000a5d00000)
 Metaspace       used 56274K, capacity 58100K, committed 58496K, reserved 1099776K
  class space    used 7762K, capacity 8195K, committed 8320K, reserved 1048576K
}
Event: 25.735 GC heap before
{Heap before GC invocations=17 (full 2):
 PSYoungGen      total 114688K, used 38298K [0x00000000e0000000, 0x00000000e8c80000, 0x0000000100000000)
  eden space 100864K, 26% used [0x00000000e0000000,0x00000000e1a48158,0x00000000e6280000)
  from space 13824K, 82% used [0x00000000e7100000,0x00000000e7c1e760,0x00000000e7e80000)
  to   space 14848K, 0% used [0x00000000e6280000,0x00000000e6280000,0x00000000e7100000)
 ParOldGen       total 95232K, used 27884K [0x00000000a0000000, 0x00000000a5d00000, 0x00000000e0000000)
  object space 95232K, 29% used [0x00000000a0000000,0x00000000a1b3b050,0x00000000a5d00000)
 Metaspace       used 57248K, capacity 59048K, committed 59096K, reserved 1099776K
  class space    used 7884K, capacity 8307K, committed 8320K, reserved 1048576K
Event: 25.744 GC heap after
Heap after GC invocations=17 (full 2):
 PSYoungGen      total 115712K, used 5845K [0x00000000e0000000, 0x00000000e9380000, 0x0000000100000000)
  eden space 100864K, 0% used [0x00000000e0000000,0x00000000e0000000,0x00000000e6280000)
  from space 14848K, 39% used [0x00000000e6280000,0x00000000e68356e8,0x00000000e7100000)
  to   space 14336K, 0% used [0x00000000e8580000,0x00000000e8580000,0x00000000e9380000)
 ParOldGen       total 95232K, used 27892K [0x00000000a0000000, 0x00000000a5d00000, 0x00000000e0000000)
  object space 95232K, 29% used [0x00000000a0000000,0x00000000a1b3d050,0x00000000a5d00000)
 Metaspace       used 57248K, capacity 59048K, committed 59096K, reserved 1099776K
  class space    used 7884K, capacity 8307K, committed 8320K, reserved 1048576K
}
Event: 25.744 GC heap before
{Heap before GC invocations=18 (full 3):
 PSYoungGen      total 115712K, used 5845K [0x00000000e0000000, 0x00000000e9380000, 0x0000000100000000)
  eden space 100864K, 0% used [0x00000000e0000000,0x00000000e0000000,0x00000000e6280000)
  from space 14848K, 39% used [0x00000000e6280000,0x00000000e68356e8,0x00000000e7100000)
  to   space 14336K, 0% used [0x00000000e8580000,0x00000000e8580000,0x00000000e9380000)
 ParOldGen       total 95232K, used 27892K [0x00000000a0000000, 0x00000000a5d00000, 0x00000000e0000000)
  object space 95232K, 29% used [0x00000000a0000000,0x00000000a1b3d050,0x00000000a5d00000)
 Metaspace       used 57248K, capacity 59048K, committed 59096K, reserved 1099776K
  class space    used 7884K, capacity 8307K, committed 8320K, reserved 1048576K
Event: 26.210 GC heap after
Heap after GC invocations=18 (full 3):
 PSYoungGen      total 115712K, used 0K [0x00000000e0000000, 0x00000000e9380000, 0x0000000100000000)
  eden space 100864K, 0% used [0x00000000e0000000,0x00000000e0000000,0x00000000e6280000)
  from space 14848K, 0% used [0x00000000e6280000,0x00000000e6280000,0x00000000e7100000)
  to   space 14336K, 0% used [0x00000000e8580000,0x00000000e8580000,0x00000000e9380000)
 ParOldGen       total 145408K, used 29844K [0x00000000a0000000, 0x00000000a8e00000, 0x00000000e0000000)
  object space 145408K, 20% used [0x00000000a0000000,0x00000000a1d250c8,0x00000000a8e00000)
 Metaspace       used 57248K, capacity 59048K, committed 59096K, reserved 1099776K
  class space    used 7884K, capacity 8307K, committed 8320K, reserved 1048576K
}
Event: 27.962 GC heap before
{Heap before GC invocations=19 (full 3):
 PSYoungGen      total 115712K, used 100864K [0x00000000e0000000, 0x00000000e9380000, 0x0000000100000000)
  eden space 100864K, 100% used [0x00000000e0000000,0x00000000e6280000,0x00000000e6280000)
  from space 14848K, 0% used [0x00000000e6280000,0x00000000e6280000,0x00000000e7100000)
  to   space 14336K, 0% used [0x00000000e8580000,0x00000000e8580000,0x00000000e9380000)
 ParOldGen       total 145408K, used 29844K [0x00000000a0000000, 0x00000000a8e00000, 0x00000000e0000000)
  object space 145408K, 20% used [0x00000000a0000000,0x00000000a1d250c8,0x00000000a8e00000)
 Metaspace       used 60688K, capacity 63594K, committed 63872K, reserved 1103872K
  class space    used 8429K, capacity 9018K, committed 9088K, reserved 1048576K
Event: 27.980 GC heap after
Heap after GC invocations=19 (full 3):
 PSYoungGen      total 128512K, used 9609K [0x00000000e0000000, 0x00000000e8f80000, 0x0000000100000000)
  eden space 118272K, 0% used [0x00000000e0000000,0x00000000e0000000,0x00000000e7380000)
  from space 10240K, 93% used [0x00000000e8580000,0x00000000e8ee2608,0x00000000e8f80000)
  to   space 14336K, 0% used [0x00000000e7380000,0x00000000e7380000,0x00000000e8180000)
 ParOldGen       total 145408K, used 29852K [0x00000000a0000000, 0x00000000a8e00000, 0x00000000e0000000)
  object space 145408K, 20% used [0x00000000a0000000,0x00000000a1d270c8,0x00000000a8e00000)
 Metaspace       used 60688K, capacity 63594K, committed 63872K, reserved 1103872K
  class space    used 8429K, capacity 9018K, committed 9088K, reserved 1048576K
}
Event: 30.870 GC heap before
{Heap before GC invocations=20 (full 3):
 PSYoungGen      total 128512K, used 127881K [0x00000000e0000000, 0x00000000e8f80000, 0x0000000100000000)
  eden space 118272K, 100% used [0x00000000e0000000,0x00000000e7380000,0x00000000e7380000)
  from space 10240K, 93% used [0x00000000e8580000,0x00000000e8ee2608,0x00000000e8f80000)
  to   space 14336K, 0% used [0x00000000e7380000,0x00000000e7380000,0x00000000e8180000)
 ParOldGen       total 145408K, used 29852K [0x00000000a0000000, 0x00000000a8e00000, 0x00000000e0000000)
  object space 145408K, 20% used [0x00000000a0000000,0x00000000a1d270c8,0x00000000a8e00000)
 Metaspace       used 63147K, capacity 66170K, committed 66304K, reserved 1105920K
  class space    used 8743K, capacity 9352K, committed 9472K, reserved 1048576K
Event: 30.906 GC heap after
Heap after GC invocations=20 (full 3):
 PSYoungGen      total 132608K, used 14324K [0x00000000e0000000, 0x00000000ea100000, 0x0000000100000000)
  eden space 118272K, 0% used [0x00000000e0000000,0x00000000e0000000,0x00000000e7380000)
  from space 14336K, 99% used [0x00000000e7380000,0x00000000e817d390,0x00000000e8180000)
  to   space 16384K, 0% used [0x00000000e9100000,0x00000000e9100000,0x00000000ea100000)
 ParOldGen       total 145408K, used 30325K [0x00000000a0000000, 0x00000000a8e00000, 0x00000000e0000000)
  object space 145408K, 20% used [0x00000000a0000000,0x00000000a1d9d468,0x00000000a8e00000)
 Metaspace       used 63147K, capacity 66170K, committed 66304K, reserved 1105920K
  class space    used 8743K, capacity 9352K, committed 9472K, reserved 1048576K
}

