# JRE version: OpenJDK Runtime Environment (8.0_212-b04) (build 1.8.0_212-release-1586-b04)
# Java VM: OpenJDK 64-Bit Server VM (25.212-b04 mixed mode windows-amd64 compressed oops)
Heap:
 PSYoungGen      total 133632K, used 114183K [0x00000000e0000000, 0x00000000e9200000, 0x0000000100000000)
  eden space 121344K, 83% used [0x00000000e0000000,0x00000000e6384220,0x00000000e7680000)
  from space 12288K, 99% used [0x00000000e8400000,0x00000000e8ffdb18,0x00000000e9000000)
  to   space 13824K, 0% used [0x00000000e7680000,0x00000000e7680000,0x00000000e8400000)
 ParOldGen       total 98304K, used 16588K [0x00000000a0000000, 0x00000000a6000000, 0x00000000e0000000)
  object space 98304K, 16% used [0x00000000a0000000,0x00000000a10331a0,0x00000000a6000000)
 Metaspace       used 52368K, capacity 53960K, committed 54144K, reserved 1095680K
  class space    used 7159K, capacity 7543K, committed 7552K, reserved 1048576K
GC Heap History (10 events):
Event: 14.200 GC heap before
{Heap before GC invocations=8 (full 1):
 PSYoungGen      total 75776K, used 65024K [0x00000000e0000000, 0x00000000e5600000, 0x0000000100000000)
  eden space 65024K, 100% used [0x00000000e0000000,0x00000000e3f80000,0x00000000e3f80000)
  from space 10752K, 0% used [0x00000000e4a80000,0x00000000e4a80000,0x00000000e5500000)
  to   space 11264K, 0% used [0x00000000e3f80000,0x00000000e3f80000,0x00000000e4a80000)
 ParOldGen       total 64000K, used 9651K [0x00000000a0000000, 0x00000000a3e80000, 0x00000000e0000000)
  object space 64000K, 15% used [0x00000000a0000000,0x00000000a096cef8,0x00000000a3e80000)
 Metaspace       used 29139K, capacity 29732K, committed 30080K, reserved 1075200K
  class space    used 3922K, capacity 4103K, committed 4224K, reserved 1048576K
Event: 14.221 GC heap after
Heap after GC invocations=8 (full 1):
 PSYoungGen      total 76288K, used 8502K [0x00000000e0000000, 0x00000000e7480000, 0x0000000100000000)
  eden space 65024K, 0% used [0x00000000e0000000,0x00000000e0000000,0x00000000e3f80000)
  from space 11264K, 75% used [0x00000000e3f80000,0x00000000e47cdb68,0x00000000e4a80000)
  to   space 11776K, 0% used [0x00000000e6900000,0x00000000e6900000,0x00000000e7480000)
 ParOldGen       total 64000K, used 9659K [0x00000000a0000000, 0x00000000a3e80000, 0x00000000e0000000)
  object space 64000K, 15% used [0x00000000a0000000,0x00000000a096eef8,0x00000000a3e80000)
 Metaspace       used 29139K, capacity 29732K, committed 30080K, reserved 1075200K
  class space    used 3922K, capacity 4103K, committed 4224K, reserved 1048576K
}
Event: 16.037 GC heap before
{Heap before GC invocations=9 (full 1):
 PSYoungGen      total 76288K, used 73526K [0x00000000e0000000, 0x00000000e7480000, 0x0000000100000000)
  eden space 65024K, 100% used [0x00000000e0000000,0x00000000e3f80000,0x00000000e3f80000)
  from space 11264K, 75% used [0x00000000e3f80000,0x00000000e47cdb68,0x00000000e4a80000)
  to   space 11776K, 0% used [0x00000000e6900000,0x00000000e6900000,0x00000000e7480000)
 ParOldGen       total 64000K, used 9659K [0x00000000a0000000, 0x00000000a3e80000, 0x00000000e0000000)
  object space 64000K, 15% used [0x00000000a0000000,0x00000000a096eef8,0x00000000a3e80000)
 Metaspace       used 32109K, capacity 32744K, committed 33024K, reserved 1077248K
  class space    used 4400K, capacity 4595K, committed 4608K, reserved 1048576K
Event: 16.052 GC heap after
Heap after GC invocations=9 (full 1):
 PSYoungGen      total 106496K, used 8587K [0x00000000e0000000, 0x00000000e7400000, 0x0000000100000000)
  eden space 95232K, 0% used [0x00000000e0000000,0x00000000e0000000,0x00000000e5d00000)
  from space 11264K, 76% used [0x00000000e6900000,0x00000000e7162d40,0x00000000e7400000)
  to   space 11776K, 0% used [0x00000000e5d00000,0x00000000e5d00000,0x00000000e6880000)
 ParOldGen       total 64000K, used 9667K [0x00000000a0000000, 0x00000000a3e80000, 0x00000000e0000000)
  object space 64000K, 15% used [0x00000000a0000000,0x00000000a0970ef8,0x00000000a3e80000)
 Metaspace       used 32109K, capacity 32744K, committed 33024K, reserved 1077248K
  class space    used 4400K, capacity 4595K, committed 4608K, reserved 1048576K
}
Event: 17.187 GC heap before
{Heap before GC invocations=10 (full 1):
 PSYoungGen      total 106496K, used 63435K [0x00000000e0000000, 0x00000000e7400000, 0x0000000100000000)
  eden space 95232K, 57% used [0x00000000e0000000,0x00000000e3590008,0x00000000e5d00000)
  from space 11264K, 76% used [0x00000000e6900000,0x00000000e7162d40,0x00000000e7400000)
  to   space 11776K, 0% used [0x00000000e5d00000,0x00000000e5d00000,0x00000000e6880000)
 ParOldGen       total 64000K, used 9667K [0x00000000a0000000, 0x00000000a3e80000, 0x00000000e0000000)
  object space 64000K, 15% used [0x00000000a0000000,0x00000000a0970ef8,0x00000000a3e80000)
 Metaspace       used 34521K, capacity 35404K, committed 35456K, reserved 1079296K
  class space    used 4745K, capacity 4977K, committed 4992K, reserved 1048576K
Event: 17.202 GC heap after
Heap after GC invocations=10 (full 1):
 PSYoungGen      total 107008K, used 9707K [0x00000000e0000000, 0x00000000e9000000, 0x0000000100000000)
  eden space 95232K, 0% used [0x00000000e0000000,0x00000000e0000000,0x00000000e5d00000)
  from space 11776K, 82% used [0x00000000e5d00000,0x00000000e667af60,0x00000000e6880000)
  to   space 12288K, 0% used [0x00000000e8400000,0x00000000e8400000,0x00000000e9000000)
 ParOldGen       total 64000K, used 9675K [0x00000000a0000000, 0x00000000a3e80000, 0x00000000e0000000)
  object space 64000K, 15% used [0x00000000a0000000,0x00000000a0972ef8,0x00000000a3e80000)
 Metaspace       used 34521K, capacity 35404K, committed 35456K, reserved 1079296K
  class space    used 4745K, capacity 4977K, committed 4992K, reserved 1048576K
}
Event: 17.202 GC heap before
{Heap before GC invocations=11 (full 2):
 PSYoungGen      total 107008K, used 9707K [0x00000000e0000000, 0x00000000e9000000, 0x0000000100000000)
  eden space 95232K, 0% used [0x00000000e0000000,0x00000000e0000000,0x00000000e5d00000)
  from space 11776K, 82% used [0x00000000e5d00000,0x00000000e667af60,0x00000000e6880000)
  to   space 12288K, 0% used [0x00000000e8400000,0x00000000e8400000,0x00000000e9000000)
 ParOldGen       total 64000K, used 9675K [0x00000000a0000000, 0x00000000a3e80000, 0x00000000e0000000)
  object space 64000K, 15% used [0x00000000a0000000,0x00000000a0972ef8,0x00000000a3e80000)
 Metaspace       used 34521K, capacity 35404K, committed 35456K, reserved 1079296K
  class space    used 4745K, capacity 4977K, committed 4992K, reserved 1048576K
Event: 17.294 GC heap after
Heap after GC invocations=11 (full 2):
 PSYoungGen      total 107008K, used 0K [0x00000000e0000000, 0x00000000e9000000, 0x0000000100000000)
  eden space 95232K, 0% used [0x00000000e0000000,0x00000000e0000000,0x00000000e5d00000)
  from space 11776K, 0% used [0x00000000e5d00000,0x00000000e5d00000,0x00000000e6880000)
  to   space 12288K, 0% used [0x00000000e8400000,0x00000000e8400000,0x00000000e9000000)
 ParOldGen       total 98304K, used 16580K [0x00000000a0000000, 0x00000000a6000000, 0x00000000e0000000)
  object space 98304K, 16% used [0x00000000a0000000,0x00000000a10311a0,0x00000000a6000000)
 Metaspace       used 34478K, capacity 35260K, committed 35456K, reserved 1079296K
  class space    used 4732K, capacity 4953K, committed 4992K, reserved 1048576K
}
Event: 22.353 GC heap before
{Heap before GC invocations=12 (full 2):
 PSYoungGen      total 107008K, used 95232K [0x00000000e0000000, 0x00000000e9000000, 0x0000000100000000)
  eden space 95232K, 100% used [0x00000000e0000000,0x00000000e5d00000,0x00000000e5d00000)
  from space 11776K, 0% used [0x00000000e5d00000,0x00000000e5d00000,0x00000000e6880000)
  to   space 12288K, 0% used [0x00000000e8400000,0x00000000e8400000,0x00000000e9000000)
 ParOldGen       total 98304K, used 16580K [0x00000000a0000000, 0x00000000a6000000, 0x00000000e0000000)
  object space 98304K, 16% used [0x00000000a0000000,0x00000000a10311a0,0x00000000a6000000)
 Metaspace       used 43641K, capacity 44734K, committed 44928K, reserved 1087488K
  class space    used 5896K, capacity 6187K, committed 6272K, reserved 1048576K
Event: 22.415 GC heap after
Heap after GC invocations=12 (full 2):
 PSYoungGen      total 133632K, used 12278K [0x00000000e0000000, 0x00000000e9200000, 0x0000000100000000)
  eden space 121344K, 0% used [0x00000000e0000000,0x00000000e0000000,0x00000000e7680000)
  from space 12288K, 99% used [0x00000000e8400000,0x00000000e8ffdb18,0x00000000e9000000)
  to   space 13824K, 0% used [0x00000000e7680000,0x00000000e7680000,0x00000000e8400000)
 ParOldGen       total 98304K, used 16588K [0x00000000a0000000, 0x00000000a6000000, 0x00000000e0000000)
  object space 98304K, 16% used [0x00000000a0000000,0x00000000a10331a0,0x00000000a6000000)
 Metaspace       used 43641K, capacity 44734K, committed 44928K, reserved 1087488K
  class space    used 5896K, capacity 6187K, committed 6272K, reserved 1048576K
}

